<?xml version="1.0" encoding="UTF-8"?>
<!-- Generated by org.testng.reporters.JUnitReportReporter -->
<testsuite hostname="DESKTOP-BJPEE25" name="ExyentReportScreenshot.ExyentReportScreenshot1.FreeCRMTest" tests="1" failures="0" timestamp="8 Mar 2018 01:52:07 GMT" time="8.965" errors="0">
  <testcase name="FreeCRMTitleTest" time="8.965" classname="ExyentReportScreenshot.ExyentReportScreenshot1.FreeCRMTest"/>
</testsuite> <!-- ExyentReportScreenshot.ExyentReportScreenshot1.FreeCRMTest -->
